<?xml version="1.0" encoding="UTF-8"?>
<!-- Generated by org.testng.reporters.JUnitXMLReporter -->
<testsuite ignored="1" hostname="DESKTOP-JQMCIDH" failures="0" tests="1" name="Default test" time="104.879" errors="0" timestamp="2021-12-23T22:53:36 IST">
  <testcase classname="orangehcm.testcases.TC1_ValidateLogin" name="logintest" time="104.718"/>
  <testcase classname="orangehcm.testcases.TC1_ValidateLogin" name="logintest2" time="0.0">
    <ignored/>
  </testcase> <!-- logintest2 -->
</testsuite> <!-- Default test -->
