<?xml version="1.0" encoding="UTF-8"?>
<!-- Generated by org.testng.reporters.JUnitXMLReporter -->
<testsuite ignored="1" hostname="DESKTOP-JQMCIDH" failures="0" tests="1" name="Test" time="64.688" errors="0" timestamp="2021-12-25T23:03:40 IST">
  <testcase classname="orangehcm.testcases.TC1_ValidateLogin" name="logintest" time="64.568"/>
  <testcase classname="orangehcm.testcases.TC1_ValidateLogin" name="logintest2" time="0.0">
    <ignored/>
  </testcase> <!-- logintest2 -->
</testsuite> <!-- Test -->
