<?xml version="1.0" encoding="UTF-8"?>
<!-- Generated by org.testng.reporters.JUnitXMLReporter -->
<testsuite ignored="1" hostname="DESKTOP-JQMCIDH" failures="0" tests="1" name="Test" time="98.655" errors="0" timestamp="2021-12-28T21:56:01 IST">
  <testcase classname="orangehcm.testcases.TC1_ValidateLogin" name="logintest" time="98.265"/>
  <testcase classname="orangehcm.testcases.TC1_ValidateLogin" name="logintest2" time="0.0">
    <ignored/>
  </testcase> <!-- logintest2 -->
</testsuite> <!-- Test -->
