<?xml version="1.0" encoding="UTF-8"?>
<testng-results ignored="1" total="2" passed="1" failed="0" skipped="0">
  <reporter-output>
  </reporter-output>
  <suite started-at="2021-12-23T22:51:51 IST" name="Default suite" finished-at="2021-12-23T22:53:36 IST" duration-ms="104879">
    <groups>
    </groups>
    <test started-at="2021-12-23T22:51:51 IST" name="Default test" finished-at="2021-12-23T22:53:36 IST" duration-ms="104879">
      <class name="orangehcm.testcases.TC1_ValidateLogin">
        <test-method is-config="true" signature="setup()[pri:0, instance:orangehcm.testcases.TC1_ValidateLogin@a38c7fe]" started-at="2021-12-23T22:51:43 IST" name="setup" finished-at="2021-12-23T22:51:51 IST" duration-ms="8596" status="PASS">
          <reporter-output>
          </reporter-output>
        </test-method> <!-- setup -->
        <test-method signature="logintest()[pri:0, instance:orangehcm.testcases.TC1_ValidateLogin@a38c7fe]" started-at="2021-12-23T22:51:51 IST" name="logintest" finished-at="2021-12-23T22:53:36 IST" duration-ms="104718" status="PASS">
          <reporter-output>
          </reporter-output>
        </test-method> <!-- logintest -->
        <test-method is-config="true" signature="teardown()[pri:0, instance:orangehcm.testcases.TC1_ValidateLogin@a38c7fe]" started-at="2021-12-23T22:53:36 IST" name="teardown" finished-at="2021-12-23T22:53:39 IST" duration-ms="2591" status="PASS">
          <reporter-output>
          </reporter-output>
        </test-method> <!-- teardown -->
      </class> <!-- orangehcm.testcases.TC1_ValidateLogin -->
    </test> <!-- Default test -->
  </suite> <!-- Default suite -->
</testng-results>
